Arguments: 
  C:\Program Files\nodejs\node.exe C:\Users\seshathri saravanan\AppData\Roaming\npm\node_modules\yarn\bin\yarn.js init

PATH: 
  C:\Python38\Scripts\;C:\Python38\;C:\Program Files\Java\jdk-11.0.2\bin;D:\py 3.8;C:\Program Files\Java\jdk1.7.0_80\bin;C:\Windows\System32;C:\Program Files\Git\cmd;C:\Program Files\nodejs\;C:\ProgramData\chocolatey\bin;C:\Program Files\PuTTY\;C:\Program Files\NVIDIA Corporation\NVIDIA NvDLISR;D:\py 3.8;C:\Program Files\Java\jdk-13.0.1\bin;C:\Users\seshathri saravanan\AppData\Local\Programs\Python\Python38-32\;C:\Users\seshathri saravanan\AppData\Local\Microsoft\WindowsApps;C:\Users\seshathri saravanan\AppData\Local\Microsoft\WindowsApps;C:\Users\seshathri saravanan\AppData\Roaming\npm;C:\ProgramData\Microsoft\Windows\Start Menu\Programs\Node.js;C:\ProgramData\Microsoft\Windows\Start Menu\Programs;C:\Users\seshathri saravanan\AppData\Local\Programs\Microsoft VS Code\bin

Yarn version: 
  1.22.4

Node version: 
  14.4.0

Platform: 
  win32 x64

Trace: 
  Error: canceled
      at Interface.<anonymous> (C:\Users\seshathri saravanan\AppData\Roaming\npm\node_modules\yarn\lib\cli.js:137008:13)
      at Interface.emit (events.js:315:20)
      at Interface._ttyWrite (readline.js:873:16)
      at ReadStream.onkeypress (readline.js:213:10)
      at ReadStream.emit (events.js:315:20)
      at emitKeys (internal/readline/utils.js:335:14)
      at emitKeys.next (<anonymous>)
      at ReadStream.onData (readline.js:1140:36)
      at ReadStream.emit (events.js:315:20)
      at addChunk (_stream_readable.js:302:12)

npm manifest: 
  No manifest

yarn manifest: 
  No manifest

Lockfile: 
  No lockfile
